 d5a354f4430ae820adbc3daf281f86f0e743cf62
ApplicationGateways
 ApplicationGatewayPrivateLinkResources
 ApplicationGatewayPrivateEndpointConnections
 ApplicationSecurityGroups
 AvailableDelegations
 AvailableResourceGroupDelegations
 AvailableServiceAliases
 AzureFirewalls
 AzureFirewallFqdnTags
 WebCategories
 BastionHosts
 CustomIPPrefixes
 DdosCustomPolicies
 DdosProtectionPlans
 DscpConfiguration
 AvailableEndpointServices
 ExpressRouteCircuitAuthorizations
 ExpressRouteCircuitPeerings
 ExpressRouteCircuitConnections
 PeerExpressRouteCircuitConnections
 ExpressRouteCircuits
 ExpressRouteServiceProviders
 ExpressRouteCrossConnections
 ExpressRouteCrossConnectionPeerings
 ExpressRoutePortsLocations
 ExpressRoutePorts
 ExpressRouteLinks
 FirewallPolicies
 FirewallPolicyRuleCollectionGroups
 IpAllocations
 IpGroups
 LoadBalancers
 LoadBalancerBackendAddressPools
 LoadBalancerFrontendIPConfigurations
 InboundNatRules
 LoadBalancerLoadBalancingRules
 LoadBalancerOutboundRules
 LoadBalancerNetworkInterfaces
 LoadBalancerProbes
 NatGateways
 NetworkInterfaces
 NetworkInterfaceIPConfigurations
 NetworkInterfaceLoadBalancers
 NetworkInterfaceTapConfigurations
 NetworkProfiles
 NetworkSecurityGroups
 SecurityRules
 DefaultSecurityRules
 NetworkVirtualAppliances
 VirtualApplianceSites
 VirtualApplianceSkus
 InboundSecurityRule
 NetworkWatchers
 PacketCaptures
 ConnectionMonitors
 FlowLogs
 Operations
 PrivateEndpoints
 AvailablePrivateEndpointTypes
 PrivateDnsZoneGroups
 PrivateLinkServices
 PublicIPAddresses
 PublicIPPrefixes
 RouteFilters
 RouteFilterRules
 RouteTables
 Routes
 SecurityPartnerProviders
 BgpServiceCommunities
 ServiceEndpointPolicies
 ServiceEndpointPolicyDefinitions
 ServiceTags
 Usages
 VirtualNetworks
 Subnets
 ResourceNavigationLinks
 ServiceAssociationLinks
 VirtualNetworkPeerings
 VirtualNetworkGateways
 VirtualNetworkGatewayConnections
 LocalNetworkGateways
 VirtualNetworkTaps
 VirtualRouters
 VirtualRouterPeerings
 VirtualWans
 VpnSites
 VpnSiteLinks
 VpnSitesConfiguration
 VpnServerConfigurations
 VirtualHubs
 HubVirtualNetworkConnections
 VpnGateways
 VpnConnections
 VpnSiteLinkConnections
 VpnLinkConnections
 P2sVpnGateways
 VpnServerConfigurationsAssociatedWithVirtualWan
 VirtualHubRouteTableV2s
 ExpressRouteGateways
 ExpressRouteConnections
 VirtualHubBgpConnection
 VirtualHubBgpConnections
 VirtualHubIpConfiguration
 HubRouteTables
 WebApplicationFirewallPolicies
